<?xml version="1.0" encoding="UTF-8"?>
<testsuite xmlns:xsi="http://www.w3.org/2001/XMLSchema-instance" xsi:noNamespaceSchemaLocation="https://maven.apache.org/surefire/maven-surefire-plugin/xsd/surefire-test-report-3.0.xsd" version="3.0" name="com.example.StudentListweb.StudentListwebApplicationTests" time="6.718" tests="1" errors="0" skipped="0" failures="0">
  <properties>
[...]
</properties>
  <testcase name="contextLoads" classname="com.example.StudentListweb.StudentListwebApplicationTests" time="2.176">
    <system-out><![CDATA[14:18:20.778 [main] INFO org.springframework.test.context.support.AnnotationConfigContextLoaderUtils -- Could not detect default configuration classes for test class [com.example.StudentListweb.StudentListwebApplicationTests]: StudentListwebApplicationTests does not declare any static, non-private, non-final, nested classes annotated with @Configuration.
14:18:21.057 [main] INFO org.springframework.boot.test.context.SpringBootTestContextBootstrapper -- Found @SpringBootConfiguration com.example.StudentListweb.StudentListwebApplication for test class com.example.StudentListweb.StudentListwebApplicationTests

  .   ____          _            __ _ _
 /\\ / ___'_ __ _ _(_)_ __  __ _ \ \ \ \
( ( )\___ | '_ | '_| | '_ \/ _` | \ \ \ \
 \\/  ___)| |_)| | | | | || (_| |  ) ) ) )
  '  |____| .__|_| |_|_| |_\__, | / / / /
 =========|_|==============|___/=/_/_/_/

 :: Spring Boot ::                (v3.3.2)

2024-08-09T14:18:22.089+05:30  INFO 4840 --- [StudentListweb] [           main] c.e.S.StudentListwebApplicationTests     : Starting StudentListwebApplicationTests using Java 17.0.6 with PID 4840 (started by B.PALAVI in D:\Springexamples\StudentListweb)
2024-08-09T14:18:22.094+05:30  INFO 4840 --- [StudentListweb] [           main] c.e.S.StudentListwebApplicationTests     : No active profile set, falling back to 1 default profile: "default"
2024-08-09T14:18:24.774+05:30  INFO 4840 --- [StudentListweb] [           main] c.e.S.StudentListwebApplicationTests     : Started StudentListwebApplicationTests in 3.325 seconds (process running for 5.957)
]]></system-out>
  </testcase>
</testsuite>